2022/03/06 00:08:06 [notice] 1#1: using the "epoll" event method
2022/03/06 00:08:06 [notice] 1#1: nginx/1.20.2
2022/03/06 00:08:06 [notice] 1#1: built by gcc 10.3.1 20210424 (Alpine 10.3.1_git20210424) 
2022/03/06 00:08:06 [notice] 1#1: OS: Linux 5.4.0-100-generic
2022/03/06 00:08:06 [notice] 1#1: getrlimit(RLIMIT_NOFILE): 1048576:1048576
2022/03/06 00:08:06 [notice] 1#1: start worker processes
2022/03/06 00:08:06 [notice] 1#1: start worker process 34
2022/03/06 00:08:12 [error] 34#34: *1 open() "/usr/share/nginx/html/favicon.ico" failed (2: No such file or directory), client: 89.178.39.213, server: localhost, request: "GET /favicon.ico HTTP/1.1", host: "naumkin.work", referrer: "http://naumkin.work/"
2022/03/06 00:10:23 [notice] 1#1: signal 3 (SIGQUIT) received, shutting down
2022/03/06 00:10:23 [notice] 34#34: gracefully shutting down
2022/03/06 00:10:23 [notice] 34#34: exiting
2022/03/06 00:10:23 [notice] 34#34: exit
2022/03/06 00:10:23 [notice] 1#1: signal 17 (SIGCHLD) received from 34
2022/03/06 00:10:23 [notice] 1#1: worker process 34 exited with code 0
2022/03/06 00:10:23 [notice] 1#1: exit
2022/03/06 00:10:34 [notice] 1#1: using the "epoll" event method
2022/03/06 00:10:34 [notice] 1#1: nginx/1.20.2
2022/03/06 00:10:34 [notice] 1#1: built by gcc 10.3.1 20210424 (Alpine 10.3.1_git20210424) 
2022/03/06 00:10:34 [notice] 1#1: OS: Linux 5.4.0-100-generic
2022/03/06 00:10:34 [notice] 1#1: getrlimit(RLIMIT_NOFILE): 1048576:1048576
2022/03/06 00:10:34 [notice] 1#1: start worker processes
2022/03/06 00:10:34 [notice] 1#1: start worker process 34
2022/03/06 00:14:15 [notice] 1#1: signal 3 (SIGQUIT) received, shutting down
2022/03/06 00:14:15 [notice] 34#34: gracefully shutting down
2022/03/06 00:14:15 [notice] 34#34: exiting
2022/03/06 00:14:15 [notice] 34#34: exit
2022/03/06 00:14:15 [notice] 1#1: signal 17 (SIGCHLD) received from 34
2022/03/06 00:14:15 [notice] 1#1: worker process 34 exited with code 0
2022/03/06 00:14:15 [notice] 1#1: exit
2022/03/06 00:14:22 [notice] 1#1: using the "epoll" event method
2022/03/06 00:14:22 [notice] 1#1: nginx/1.20.2
2022/03/06 00:14:22 [notice] 1#1: built by gcc 10.3.1 20210424 (Alpine 10.3.1_git20210424) 
2022/03/06 00:14:22 [notice] 1#1: OS: Linux 5.4.0-100-generic
2022/03/06 00:14:22 [notice] 1#1: getrlimit(RLIMIT_NOFILE): 1048576:1048576
2022/03/06 00:14:22 [notice] 1#1: start worker processes
2022/03/06 00:14:22 [notice] 1#1: start worker process 34
2022/03/06 00:14:26 [notice] 1#1: signal 3 (SIGQUIT) received, shutting down
2022/03/06 00:14:26 [notice] 34#34: gracefully shutting down
2022/03/06 00:14:26 [notice] 34#34: exiting
2022/03/06 00:14:26 [notice] 34#34: exit
2022/03/06 00:14:26 [notice] 1#1: signal 17 (SIGCHLD) received from 34
2022/03/06 00:14:26 [notice] 1#1: worker process 34 exited with code 0
2022/03/06 00:14:26 [notice] 1#1: exit
2022/03/06 00:15:24 [notice] 1#1: using the "epoll" event method
2022/03/06 00:15:24 [notice] 1#1: nginx/1.20.2
2022/03/06 00:15:24 [notice] 1#1: built by gcc 10.3.1 20210424 (Alpine 10.3.1_git20210424) 
2022/03/06 00:15:24 [notice] 1#1: OS: Linux 5.4.0-100-generic
2022/03/06 00:15:24 [notice] 1#1: getrlimit(RLIMIT_NOFILE): 1048576:1048576
2022/03/06 00:15:24 [notice] 1#1: start worker processes
2022/03/06 00:15:24 [notice] 1#1: start worker process 26
2022/03/06 00:16:15 [notice] 1#1: signal 3 (SIGQUIT) received, shutting down
2022/03/06 00:16:15 [notice] 26#26: gracefully shutting down
2022/03/06 00:16:15 [notice] 26#26: exiting
2022/03/06 00:16:15 [notice] 26#26: exit
2022/03/06 00:16:15 [notice] 1#1: signal 17 (SIGCHLD) received from 26
2022/03/06 00:16:15 [notice] 1#1: worker process 26 exited with code 0
2022/03/06 00:16:15 [notice] 1#1: exit
2022/03/06 00:16:23 [notice] 1#1: using the "epoll" event method
2022/03/06 00:16:23 [notice] 1#1: nginx/1.20.2
2022/03/06 00:16:23 [notice] 1#1: built by gcc 10.3.1 20210424 (Alpine 10.3.1_git20210424) 
2022/03/06 00:16:23 [notice] 1#1: OS: Linux 5.4.0-100-generic
2022/03/06 00:16:23 [notice] 1#1: getrlimit(RLIMIT_NOFILE): 1048576:1048576
2022/03/06 00:16:23 [notice] 1#1: start worker processes
2022/03/06 00:16:23 [notice] 1#1: start worker process 34
2022/03/06 00:16:26 [notice] 1#1: signal 3 (SIGQUIT) received, shutting down
2022/03/06 00:16:26 [notice] 34#34: gracefully shutting down
2022/03/06 00:16:26 [notice] 34#34: exiting
2022/03/06 00:16:26 [notice] 34#34: exit
2022/03/06 00:16:26 [notice] 1#1: signal 17 (SIGCHLD) received from 34
2022/03/06 00:16:26 [notice] 1#1: worker process 34 exited with code 0
2022/03/06 00:16:26 [notice] 1#1: exit
2022/03/06 00:19:16 [notice] 1#1: using the "epoll" event method
2022/03/06 00:19:16 [notice] 1#1: nginx/1.20.2
2022/03/06 00:19:16 [notice] 1#1: built by gcc 10.3.1 20210424 (Alpine 10.3.1_git20210424) 
2022/03/06 00:19:16 [notice] 1#1: OS: Linux 5.4.0-100-generic
2022/03/06 00:19:16 [notice] 1#1: getrlimit(RLIMIT_NOFILE): 1048576:1048576
2022/03/06 00:19:16 [notice] 1#1: start worker processes
2022/03/06 00:19:16 [notice] 1#1: start worker process 26
2022/03/06 00:19:19 [notice] 1#1: signal 3 (SIGQUIT) received, shutting down
2022/03/06 00:19:19 [notice] 26#26: gracefully shutting down
2022/03/06 00:19:19 [notice] 26#26: exiting
2022/03/06 00:19:19 [notice] 26#26: exit
2022/03/06 00:19:19 [notice] 1#1: signal 17 (SIGCHLD) received from 26
2022/03/06 00:19:19 [notice] 1#1: worker process 26 exited with code 0
2022/03/06 00:19:19 [notice] 1#1: exit
2022/03/06 00:19:53 [notice] 1#1: using the "epoll" event method
2022/03/06 00:19:53 [notice] 1#1: nginx/1.20.2
2022/03/06 00:19:53 [notice] 1#1: built by gcc 10.3.1 20210424 (Alpine 10.3.1_git20210424) 
2022/03/06 00:19:53 [notice] 1#1: OS: Linux 5.4.0-100-generic
2022/03/06 00:19:53 [notice] 1#1: getrlimit(RLIMIT_NOFILE): 1048576:1048576
2022/03/06 00:19:53 [notice] 1#1: start worker processes
2022/03/06 00:19:53 [notice] 1#1: start worker process 34
2022/03/06 00:19:55 [notice] 1#1: signal 3 (SIGQUIT) received, shutting down
2022/03/06 00:19:55 [notice] 34#34: gracefully shutting down
2022/03/06 00:19:55 [notice] 34#34: exiting
2022/03/06 00:19:55 [notice] 34#34: exit
2022/03/06 00:19:55 [notice] 1#1: signal 17 (SIGCHLD) received from 34
2022/03/06 00:19:55 [notice] 1#1: worker process 34 exited with code 0
2022/03/06 00:19:55 [notice] 1#1: exit
2022/03/06 00:21:14 [notice] 1#1: using the "epoll" event method
2022/03/06 00:21:14 [notice] 1#1: nginx/1.20.2
2022/03/06 00:21:14 [notice] 1#1: built by gcc 10.3.1 20210424 (Alpine 10.3.1_git20210424) 
2022/03/06 00:21:14 [notice] 1#1: OS: Linux 5.4.0-100-generic
2022/03/06 00:21:14 [notice] 1#1: getrlimit(RLIMIT_NOFILE): 1048576:1048576
2022/03/06 00:21:14 [notice] 1#1: start worker processes
2022/03/06 00:21:14 [notice] 1#1: start worker process 34
2022/03/06 00:21:23 [notice] 1#1: signal 3 (SIGQUIT) received, shutting down
2022/03/06 00:21:23 [notice] 34#34: gracefully shutting down
2022/03/06 00:21:23 [notice] 34#34: exiting
2022/03/06 00:21:23 [notice] 34#34: exit
2022/03/06 00:21:23 [notice] 1#1: signal 17 (SIGCHLD) received from 34
2022/03/06 00:21:23 [notice] 1#1: worker process 34 exited with code 0
2022/03/06 00:21:23 [notice] 1#1: exit
2022/03/06 00:21:34 [notice] 1#1: using the "epoll" event method
2022/03/06 00:21:34 [notice] 1#1: nginx/1.20.2
2022/03/06 00:21:34 [notice] 1#1: built by gcc 10.3.1 20210424 (Alpine 10.3.1_git20210424) 
2022/03/06 00:21:34 [notice] 1#1: OS: Linux 5.4.0-100-generic
2022/03/06 00:21:34 [notice] 1#1: getrlimit(RLIMIT_NOFILE): 1048576:1048576
2022/03/06 00:21:34 [notice] 1#1: start worker processes
2022/03/06 00:21:34 [notice] 1#1: start worker process 26
2022/03/06 00:27:30 [notice] 1#1: signal 3 (SIGQUIT) received, shutting down
2022/03/06 00:27:30 [notice] 26#26: gracefully shutting down
2022/03/06 00:27:30 [notice] 26#26: exiting
2022/03/06 00:27:30 [notice] 26#26: exit
2022/03/06 00:27:30 [notice] 1#1: signal 17 (SIGCHLD) received from 26
2022/03/06 00:27:30 [notice] 1#1: worker process 26 exited with code 0
2022/03/06 00:27:30 [notice] 1#1: exit
2022/03/06 00:28:28 [emerg] 1#1: host not found in upstream "php-fpm" in /etc/nginx/conf.d/default.conf:11
2022/03/06 00:28:29 [emerg] 1#1: host not found in upstream "php-fpm" in /etc/nginx/conf.d/default.conf:11
2022/03/06 00:28:30 [emerg] 1#1: host not found in upstream "php-fpm" in /etc/nginx/conf.d/default.conf:11
2022/03/06 00:28:31 [emerg] 1#1: host not found in upstream "php-fpm" in /etc/nginx/conf.d/default.conf:11
2022/03/06 00:30:22 [emerg] 1#1: host not found in upstream "php-fpm" in /etc/nginx/conf.d/default.conf:11
2022/03/06 00:30:22 [emerg] 1#1: host not found in upstream "php-fpm" in /etc/nginx/conf.d/default.conf:11
2022/03/06 00:30:23 [emerg] 1#1: host not found in upstream "php-fpm" in /etc/nginx/conf.d/default.conf:11
2022/03/06 00:30:24 [emerg] 1#1: host not found in upstream "php-fpm" in /etc/nginx/conf.d/default.conf:11
2022/03/06 00:31:11 [notice] 1#1: using the "epoll" event method
2022/03/06 00:31:11 [notice] 1#1: nginx/1.20.2
2022/03/06 00:31:11 [notice] 1#1: built by gcc 10.3.1 20210424 (Alpine 10.3.1_git20210424) 
2022/03/06 00:31:11 [notice] 1#1: OS: Linux 5.4.0-100-generic
2022/03/06 00:31:11 [notice] 1#1: getrlimit(RLIMIT_NOFILE): 1048576:1048576
2022/03/06 00:31:11 [notice] 1#1: start worker processes
2022/03/06 00:31:11 [notice] 1#1: start worker process 36
2022/03/06 00:31:16 [notice] 1#1: signal 3 (SIGQUIT) received, shutting down
2022/03/06 00:31:16 [notice] 36#36: gracefully shutting down
2022/03/06 00:31:16 [notice] 36#36: exiting
2022/03/06 00:31:16 [notice] 36#36: exit
2022/03/06 00:31:16 [notice] 1#1: signal 17 (SIGCHLD) received from 36
2022/03/06 00:31:16 [notice] 1#1: worker process 36 exited with code 0
2022/03/06 00:31:16 [notice] 1#1: exit
2022/03/06 00:31:20 [notice] 1#1: using the "epoll" event method
2022/03/06 00:31:20 [notice] 1#1: nginx/1.20.2
2022/03/06 00:31:20 [notice] 1#1: built by gcc 10.3.1 20210424 (Alpine 10.3.1_git20210424) 
2022/03/06 00:31:20 [notice] 1#1: OS: Linux 5.4.0-100-generic
2022/03/06 00:31:20 [notice] 1#1: getrlimit(RLIMIT_NOFILE): 1048576:1048576
2022/03/06 00:31:20 [notice] 1#1: start worker processes
2022/03/06 00:31:20 [notice] 1#1: start worker process 36
2022/03/06 00:32:29 [notice] 1#1: signal 3 (SIGQUIT) received, shutting down
2022/03/06 00:32:29 [notice] 36#36: gracefully shutting down
2022/03/06 00:32:29 [notice] 36#36: exiting
2022/03/06 00:32:29 [notice] 36#36: exit
2022/03/06 00:32:29 [notice] 1#1: signal 17 (SIGCHLD) received from 36
2022/03/06 00:32:29 [notice] 1#1: worker process 36 exited with code 0
2022/03/06 00:32:29 [notice] 1#1: exit
2022/03/06 00:32:55 [notice] 1#1: using the "epoll" event method
2022/03/06 00:32:55 [notice] 1#1: nginx/1.20.2
2022/03/06 00:32:55 [notice] 1#1: built by gcc 10.3.1 20210424 (Alpine 10.3.1_git20210424) 
2022/03/06 00:32:55 [notice] 1#1: OS: Linux 5.4.0-100-generic
2022/03/06 00:32:55 [notice] 1#1: getrlimit(RLIMIT_NOFILE): 1048576:1048576
2022/03/06 00:32:55 [notice] 1#1: start worker processes
2022/03/06 00:32:55 [notice] 1#1: start worker process 37
2022/03/06 00:35:48 [notice] 1#1: signal 3 (SIGQUIT) received, shutting down
2022/03/06 00:35:48 [notice] 37#37: gracefully shutting down
2022/03/06 00:35:48 [notice] 37#37: exiting
2022/03/06 00:35:48 [notice] 37#37: exit
2022/03/06 00:35:48 [notice] 1#1: signal 17 (SIGCHLD) received from 37
2022/03/06 00:35:48 [notice] 1#1: worker process 37 exited with code 0
2022/03/06 00:35:48 [notice] 1#1: exit
2022/03/06 00:35:52 [notice] 1#1: using the "epoll" event method
2022/03/06 00:35:52 [notice] 1#1: nginx/1.20.2
2022/03/06 00:35:52 [notice] 1#1: built by gcc 10.3.1 20210424 (Alpine 10.3.1_git20210424) 
2022/03/06 00:35:52 [notice] 1#1: OS: Linux 5.4.0-100-generic
2022/03/06 00:35:52 [notice] 1#1: getrlimit(RLIMIT_NOFILE): 1048576:1048576
2022/03/06 00:35:52 [notice] 1#1: start worker processes
2022/03/06 00:35:52 [notice] 1#1: start worker process 37
2022/03/06 00:36:54 [notice] 1#1: signal 3 (SIGQUIT) received, shutting down
2022/03/06 00:36:54 [notice] 37#37: gracefully shutting down
2022/03/06 00:36:54 [notice] 37#37: exiting
2022/03/06 00:36:54 [notice] 37#37: exit
2022/03/06 00:36:54 [notice] 1#1: signal 17 (SIGCHLD) received from 37
2022/03/06 00:36:54 [notice] 1#1: worker process 37 exited with code 0
2022/03/06 00:36:54 [notice] 1#1: exit
2022/03/06 00:36:58 [notice] 1#1: using the "epoll" event method
2022/03/06 00:36:58 [notice] 1#1: nginx/1.20.2
2022/03/06 00:36:58 [notice] 1#1: built by gcc 10.3.1 20210424 (Alpine 10.3.1_git20210424) 
2022/03/06 00:36:58 [notice] 1#1: OS: Linux 5.4.0-100-generic
2022/03/06 00:36:58 [notice] 1#1: getrlimit(RLIMIT_NOFILE): 1048576:1048576
2022/03/06 00:36:58 [notice] 1#1: start worker processes
2022/03/06 00:36:58 [notice] 1#1: start worker process 37
2022/03/06 00:37:45 [notice] 1#1: signal 3 (SIGQUIT) received, shutting down
2022/03/06 00:37:45 [notice] 37#37: gracefully shutting down
2022/03/06 00:37:45 [notice] 37#37: exiting
2022/03/06 00:37:45 [notice] 37#37: exit
2022/03/06 00:37:45 [notice] 1#1: signal 17 (SIGCHLD) received from 37
2022/03/06 00:37:45 [notice] 1#1: worker process 37 exited with code 0
2022/03/06 00:37:45 [notice] 1#1: exit
2022/03/06 00:37:49 [notice] 1#1: using the "epoll" event method
2022/03/06 00:37:49 [notice] 1#1: nginx/1.20.2
2022/03/06 00:37:49 [notice] 1#1: built by gcc 10.3.1 20210424 (Alpine 10.3.1_git20210424) 
2022/03/06 00:37:49 [notice] 1#1: OS: Linux 5.4.0-100-generic
2022/03/06 00:37:49 [notice] 1#1: getrlimit(RLIMIT_NOFILE): 1048576:1048576
2022/03/06 00:37:49 [notice] 1#1: start worker processes
2022/03/06 00:37:49 [notice] 1#1: start worker process 37
2022/03/06 18:04:20 [notice] 1#1: signal 3 (SIGQUIT) received, shutting down
2022/03/06 18:04:20 [notice] 37#37: gracefully shutting down
2022/03/06 18:04:46 [notice] 1#1: using the "epoll" event method
2022/03/06 18:04:46 [notice] 1#1: nginx/1.20.2
2022/03/06 18:04:46 [notice] 1#1: built by gcc 10.3.1 20210424 (Alpine 10.3.1_git20210424) 
2022/03/06 18:04:46 [notice] 1#1: OS: Linux 5.4.0-100-generic
2022/03/06 18:04:46 [notice] 1#1: getrlimit(RLIMIT_NOFILE): 1048576:1048576
2022/03/06 18:04:46 [notice] 1#1: start worker processes
2022/03/06 18:04:46 [notice] 1#1: start worker process 37
2022/03/06 18:40:07 [notice] 1#1: signal 3 (SIGQUIT) received, shutting down
2022/03/06 18:40:07 [notice] 37#37: gracefully shutting down
2022/03/06 18:40:07 [notice] 37#37: exiting
2022/03/06 18:40:07 [notice] 37#37: exit
2022/03/06 18:40:07 [notice] 1#1: signal 17 (SIGCHLD) received from 37
2022/03/06 18:40:07 [notice] 1#1: worker process 37 exited with code 0
2022/03/06 18:40:07 [notice] 1#1: exit
2022/03/06 18:40:12 [notice] 1#1: using the "epoll" event method
2022/03/06 18:40:12 [notice] 1#1: nginx/1.20.2
2022/03/06 18:40:12 [notice] 1#1: built by gcc 10.3.1 20210424 (Alpine 10.3.1_git20210424) 
2022/03/06 18:40:12 [notice] 1#1: OS: Linux 5.4.0-100-generic
2022/03/06 18:40:12 [notice] 1#1: getrlimit(RLIMIT_NOFILE): 1048576:1048576
2022/03/06 18:40:12 [notice] 1#1: start worker processes
2022/03/06 18:40:12 [notice] 1#1: start worker process 37
2022/03/07 12:26:03 [notice] 1#1: signal 3 (SIGQUIT) received, shutting down
2022/03/07 12:26:03 [notice] 37#37: gracefully shutting down
2022/03/07 12:26:03 [notice] 37#37: exiting
2022/03/07 12:26:03 [notice] 37#37: exit
2022/03/07 12:26:03 [notice] 1#1: signal 17 (SIGCHLD) received from 37
2022/03/07 12:26:03 [notice] 1#1: worker process 37 exited with code 0
2022/03/07 12:26:03 [notice] 1#1: exit
2022/03/07 12:33:57 [notice] 1#1: using the "epoll" event method
2022/03/07 12:33:57 [notice] 1#1: nginx/1.20.2
2022/03/07 12:33:57 [notice] 1#1: built by gcc 10.3.1 20210424 (Alpine 10.3.1_git20210424) 
2022/03/07 12:33:57 [notice] 1#1: OS: Linux 5.4.0-100-generic
2022/03/07 12:33:57 [notice] 1#1: getrlimit(RLIMIT_NOFILE): 1048576:1048576
2022/03/07 12:33:57 [notice] 1#1: start worker processes
2022/03/07 12:33:57 [notice] 1#1: start worker process 37
2022/03/07 12:38:06 [notice] 1#1: signal 3 (SIGQUIT) received, shutting down
2022/03/07 12:38:06 [notice] 37#37: gracefully shutting down
2022/03/07 12:38:06 [notice] 37#37: exiting
2022/03/07 12:38:06 [notice] 37#37: exit
2022/03/07 12:38:06 [notice] 1#1: signal 17 (SIGCHLD) received from 37
2022/03/07 12:38:06 [notice] 1#1: worker process 37 exited with code 0
2022/03/07 12:38:06 [notice] 1#1: exit
2022/03/07 12:38:12 [notice] 1#1: using the "epoll" event method
2022/03/07 12:38:12 [notice] 1#1: nginx/1.20.2
2022/03/07 12:38:12 [notice] 1#1: built by gcc 10.3.1 20210424 (Alpine 10.3.1_git20210424) 
2022/03/07 12:38:12 [notice] 1#1: OS: Linux 5.4.0-100-generic
2022/03/07 12:38:12 [notice] 1#1: getrlimit(RLIMIT_NOFILE): 1048576:1048576
2022/03/07 12:38:12 [notice] 1#1: start worker processes
2022/03/07 12:38:12 [notice] 1#1: start worker process 37
2022/03/07 14:27:40 [notice] 1#1: using the "epoll" event method
2022/03/07 14:27:40 [notice] 1#1: nginx/1.20.2
2022/03/07 14:27:40 [notice] 1#1: built by gcc 10.3.1 20210424 (Alpine 10.3.1_git20210424) 
2022/03/07 14:27:40 [notice] 1#1: OS: Linux 5.4.0-99-generic
2022/03/07 14:27:40 [notice] 1#1: getrlimit(RLIMIT_NOFILE): 1048576:1048576
2022/03/07 14:27:40 [notice] 1#1: start worker processes
2022/03/07 14:27:40 [notice] 1#1: start worker process 37
2022/03/07 14:27:40 [notice] 1#1: start worker process 38
2022/03/07 14:27:40 [notice] 1#1: start worker process 39
2022/03/07 14:27:40 [notice] 1#1: start worker process 40
2022/03/07 14:27:40 [notice] 1#1: start worker process 41
2022/03/07 14:27:40 [notice] 1#1: start worker process 42
2022/03/07 14:27:40 [notice] 1#1: start worker process 43
2022/03/07 14:27:40 [notice] 1#1: start worker process 44
